0 info it worked if it ends with ok
1 verbose cli [ 'C:\\Program Files\\nodejs\\node.exe',
1 verbose cli   'C:\\Program Files\\nodejs\\node_modules\\npm\\bin\\npm-cli.js',
1 verbose cli   'publish',
1 verbose cli   '--access=public' ]
2 info using npm@3.10.10
3 info using node@v6.10.0
4 verbose publish [ '.' ]
5 silly cache add args [ '.', null ]
6 verbose cache add spec .
7 silly cache add parsed spec Result {
7 silly cache add   raw: '.',
7 silly cache add   scope: null,
7 silly cache add   escapedName: null,
7 silly cache add   name: null,
7 silly cache add   rawSpec: '.',
7 silly cache add   spec: 'E:\\webstorm_work\\generator-reacthcl',
7 silly cache add   type: 'directory' }
8 verbose addLocalDirectory C:\Users\阿龙\AppData\Roaming\npm-cache\generator-reacthcl\1.0.0\package.tgz not in flight; packing
9 verbose correctMkdir C:\Users\阿龙\AppData\Roaming\npm-cache correctMkdir not in flight; initializing
10 info lifecycle generator-reacthcl@1.0.0~prepublish: generator-reacthcl@1.0.0
11 silly lifecycle generator-reacthcl@1.0.0~prepublish: no script for prepublish, continuing
12 verbose tar pack [ 'C:\\Users\\阿龙\\AppData\\Roaming\\npm-cache\\generator-reacthcl\\1.0.0\\package.tgz',
12 verbose tar pack   'E:\\webstorm_work\\generator-reacthcl' ]
13 verbose tarball C:\Users\阿龙\AppData\Roaming\npm-cache\generator-reacthcl\1.0.0\package.tgz
14 verbose folder E:\webstorm_work\generator-reacthcl
15 verbose addLocalTarball adding from inside cache C:\Users\阿龙\AppData\Roaming\npm-cache\generator-reacthcl\1.0.0\package.tgz
16 verbose correctMkdir C:\Users\阿龙\AppData\Roaming\npm-cache correctMkdir not in flight; initializing
17 silly cache afterAdd generator-reacthcl@1.0.0
18 verbose afterAdd C:\Users\阿龙\AppData\Roaming\npm-cache\generator-reacthcl\1.0.0\package\package.json not in flight; writing
19 verbose correctMkdir C:\Users\阿龙\AppData\Roaming\npm-cache correctMkdir not in flight; initializing
20 verbose afterAdd C:\Users\阿龙\AppData\Roaming\npm-cache\generator-reacthcl\1.0.0\package\package.json written
21 silly publish { name: 'generator-reacthcl',
21 silly publish   version: '1.0.0',
21 silly publish   description: 'react模板',
21 silly publish   main: 'index.js',
21 silly publish   dependencies: { del: '^3.0.0', 'yeoman-generator': '^2.0.5' },
21 silly publish   devDependencies: {},
21 silly publish   scripts: { test: 'echo "Error: no test specified" && exit 1' },
21 silly publish   repository:
21 silly publish    { type: 'git',
21 silly publish      url: 'git+ssh://git@github.com/He-Cai-Dragon/generator-react.git' },
21 silly publish   keywords: [ 'Hcl1991919.00' ],
21 silly publish   author: { name: 'hecl' },
21 silly publish   license: 'ISC',
21 silly publish   bugs: { url: 'https://github.com/He-Cai-Dragon/generator-react/issues' },
21 silly publish   homepage: 'https://github.com/He-Cai-Dragon/generator-react#readme',
21 silly publish   readme: 'ERROR: No README data found!',
21 silly publish   _id: 'generator-reacthcl@1.0.0',
21 silly publish   _shasum: '35f659ccb487d7762826ad6b94a6be588b5a5546',
21 silly publish   _from: '.' }
22 verbose getPublishConfig undefined
23 silly mapToRegistry name generator-reacthcl
24 silly mapToRegistry using default registry
25 silly mapToRegistry registry https://registry.npmjs.org/
26 silly mapToRegistry data Result {
26 silly mapToRegistry   raw: 'generator-reacthcl',
26 silly mapToRegistry   scope: null,
26 silly mapToRegistry   escapedName: 'generator-reacthcl',
26 silly mapToRegistry   name: 'generator-reacthcl',
26 silly mapToRegistry   rawSpec: '',
26 silly mapToRegistry   spec: 'latest',
26 silly mapToRegistry   type: 'tag' }
27 silly mapToRegistry uri https://registry.npmjs.org/generator-reacthcl
28 verbose publish registryBase https://registry.npmjs.org/
29 silly publish uploading C:\Users\阿龙\AppData\Roaming\npm-cache\generator-reacthcl\1.0.0\package.tgz
30 verbose request uri https://registry.npmjs.org/generator-reacthcl
31 verbose request sending authorization for write operation
32 info attempt registry request try #1 at 10:35:24
33 verbose request using bearer token for auth
34 verbose request id 71f929381e8a9b85
35 http request PUT https://registry.npmjs.org/generator-reacthcl
36 info retry will retry, error on last attempt: Error: socket hang up
37 info attempt registry request try #2 at 10:35:51
38 verbose request using bearer token for auth
39 http request PUT https://registry.npmjs.org/generator-reacthcl
40 http 403 https://registry.npmjs.org/generator-reacthcl
41 verbose headers { date: 'Tue, 12 Jun 2018 02:32:53 GMT',
41 verbose headers   'content-type': 'application/json',
41 verbose headers   'transfer-encoding': 'chunked',
41 verbose headers   connection: 'keep-alive',
41 verbose headers   'set-cookie': [ '__cfduid=d1e4ffe4b390e1ea28be4d14c1a4f32c01528770773; expires=Wed, 12-Jun-19 02:32:53 GMT; path=/; domain=.registry.npmjs.org; HttpOnly' ],
41 verbose headers   'cf-ray': '4298e8d5cc8a6db4-SJC',
41 verbose headers   'expect-ct': 'max-age=604800, report-uri="https://report-uri.cloudflare.com/cdn-cgi/beacon/expect-ct"',
41 verbose headers   server: 'cloudflare',
41 verbose headers   'content-encoding': 'gzip' }
42 verbose request invalidating C:\Users\阿龙\AppData\Roaming\npm-cache\registry.npmjs.org\generator-reacthcl on PUT
43 error publish Failed PUT 403
44 verbose stack Error: you must verify your email before publishing a new package: https://www.npmjs.com/email-edit : generator-reacthcl
44 verbose stack     at makeError (C:\Program Files\nodejs\node_modules\npm\node_modules\npm-registry-client\lib\request.js:302:12)
44 verbose stack     at CachingRegistryClient.<anonymous> (C:\Program Files\nodejs\node_modules\npm\node_modules\npm-registry-client\lib\request.js:290:14)
44 verbose stack     at C:\Program Files\nodejs\node_modules\npm\node_modules\npm-registry-client\lib\request.js:216:7
44 verbose stack     at Gunzip.onEnd (zlib.js:227:5)
44 verbose stack     at emitNone (events.js:91:20)
44 verbose stack     at Gunzip.emit (events.js:185:7)
44 verbose stack     at endReadableNT (_stream_readable.js:974:12)
44 verbose stack     at _combinedTickCallback (internal/process/next_tick.js:74:11)
44 verbose stack     at process._tickCallback (internal/process/next_tick.js:98:9)
45 verbose statusCode 403
46 verbose pkgid generator-reacthcl
47 verbose cwd E:\webstorm_work\generator-reacthcl
48 error Windows_NT 6.1.7601
49 error argv "C:\\Program Files\\nodejs\\node.exe" "C:\\Program Files\\nodejs\\node_modules\\npm\\bin\\npm-cli.js" "publish" "--access=public"
50 error node v6.10.0
51 error npm  v3.10.10
52 error code E403
53 error you must verify your email before publishing a new package: https://www.npmjs.com/email-edit : generator-reacthcl
54 error If you need help, you may report this error at:
54 error     <https://github.com/npm/npm/issues>
55 verbose exit [ 1, true ]
